<?xml version="1.0" encoding="UTF-8"?>
<!-- Generated by org.testng.reporters.JUnitReportReporter -->
<testsuite hostname="DESKTOP-AETF1CO" failures="0" tests="2" name="TestRunner" time="32.698" errors="0" timestamp="2020-01-30T23:35:56 ICT" skipped="0">
  <testcase classname="TestRunner" name="feature" time="13.713"/>
  <testcase classname="TestRunner" name="feature" time="18.985"/>
</testsuite> <!-- TestRunner -->
